\BOOKMARK [1][-]{section.1}{Executive Summary}{}% 1
\BOOKMARK [1][-]{section.2}{Vision \046 Market Opportunity}{}% 2
\BOOKMARK [2][-]{subsection.2.1}{Vision}{section.2}% 3
\BOOKMARK [2][-]{subsection.2.2}{Market Landscape}{section.2}% 4
\BOOKMARK [2][-]{subsection.2.3}{Market Pain Points}{section.2}% 5
\BOOKMARK [1][-]{section.3}{The !Forge Solution}{}% 6
\BOOKMARK [2][-]{subsection.3.1}{AI-Powered Development Platform}{section.3}% 7
\BOOKMARK [2][-]{subsection.3.2}{Blockchain-Enabled Infrastructure}{section.3}% 8
\BOOKMARK [2][-]{subsection.3.3}{Key Innovations}{section.3}% 9
\BOOKMARK [1][-]{section.4}{User Experience}{}% 10
\BOOKMARK [1][-]{section.5}{Marketplace \046 Professional Services}{}% 11
\BOOKMARK [2][-]{subsection.5.1}{AI Model Marketplace}{section.5}% 12
\BOOKMARK [2][-]{subsection.5.2}{Expert Marketplace}{section.5}% 13
\BOOKMARK [2][-]{subsection.5.3}{Tools Marketplace}{section.5}% 14
\BOOKMARK [2][-]{subsection.5.4}{3D Models Marketplace}{section.5}% 15
\BOOKMARK [1][-]{section.6}{AI Training \046 Improvement}{}% 16
\BOOKMARK [2][-]{subsection.6.1}{Training Data Sources}{section.6}% 17
\BOOKMARK [2][-]{subsection.6.2}{Model Architecture}{section.6}% 18
\BOOKMARK [2][-]{subsection.6.3}{Training Process}{section.6}% 19
\BOOKMARK [1][-]{section.7}{Tokenomics}{}% 20
\BOOKMARK [1][-]{section.8}{Roadmap}{}% 21
\BOOKMARK [1][-]{section.9}{Conclusion}{}% 22
